running training script
Instruments: ['vocals', 'bass', 'drums', 'other']
Metrics for training: ['sdr']. Metric for scheduler: sdr
Use augmentation for training
Dataset type: 1 Processes to use: 32 
Collecting metadata for ['/home/kaim/projects/def-ichiro/kaim/data/MUSDB18HQ/train']
Found metadata cache file: results/mdx23c/metadata_1.pkl
Old metadata was used for 100 tracks.
Found tracks in dataset: 100
Start from checkpoint: results/mdx23c.ckpt
Use single GPU: [0]
Patience: 2 Reduce factor: 0.95 Batch size: 4 Grad accum steps: 1 Effective batch size: 4 Optimizer: adam
Train for: 1000
Train epoch: 0 Learning rate: 9e-05
Training loss: 0.000264
Num overlap: 4
Instr vocals sdr: nan (Std: nan)
Instr bass sdr: nan (Std: nan)
Instr drums sdr: nan (Std: nan)
Instr other sdr: nan (Std: nan)
Metric avg sdr        : nan
Elapsed time: 30.62 sec
Train epoch: 1 Learning rate: 9e-05
Training loss: 0.000243
Num overlap: 4
Instr vocals sdr: nan (Std: nan)
Instr bass sdr: nan (Std: nan)
Instr drums sdr: nan (Std: nan)
Instr other sdr: nan (Std: nan)
Metric avg sdr        : nan
Elapsed time: 25.51 sec
Train epoch: 2 Learning rate: 9e-05
Training loss: 0.000227
Num overlap: 4
Instr vocals sdr: nan (Std: nan)
Instr bass sdr: nan (Std: nan)
Instr drums sdr: nan (Std: nan)
Instr other sdr: nan (Std: nan)
Metric avg sdr        : nan
Elapsed time: 63.19 sec
Train epoch: 3 Learning rate: 8.55e-05
Training loss: 0.000224
Num overlap: 4
Instr vocals sdr: nan (Std: nan)
Instr bass sdr: nan (Std: nan)
Instr drums sdr: nan (Std: nan)
Instr other sdr: nan (Std: nan)
Metric avg sdr        : nan
Elapsed time: 21.84 sec
Train epoch: 4 Learning rate: 8.55e-05
Training loss: 0.000232
Num overlap: 4
Instr vocals sdr: nan (Std: nan)
Instr bass sdr: nan (Std: nan)
Instr drums sdr: nan (Std: nan)
Instr other sdr: nan (Std: nan)
Metric avg sdr        : nan
Elapsed time: 40.62 sec
Train epoch: 5 Learning rate: 8.55e-05
Training loss: 0.000228
Num overlap: 4
Instr vocals sdr: nan (Std: nan)
Instr bass sdr: nan (Std: nan)
Instr drums sdr: nan (Std: nan)
Instr other sdr: nan (Std: nan)
Metric avg sdr        : nan
Elapsed time: 49.41 sec
Train epoch: 6 Learning rate: 8.1225e-05
Training loss: 0.000230
Num overlap: 4
Instr vocals sdr: nan (Std: nan)
Instr bass sdr: nan (Std: nan)
Instr drums sdr: nan (Std: nan)
Instr other sdr: nan (Std: nan)
Metric avg sdr        : nan
Elapsed time: 151.29 sec
Train epoch: 7 Learning rate: 8.1225e-05
Training loss: 0.000233
Num overlap: 4
Instr vocals sdr: nan (Std: nan)
Instr bass sdr: nan (Std: nan)
Instr drums sdr: nan (Std: nan)
Instr other sdr: nan (Std: nan)
Metric avg sdr        : nan
Elapsed time: 45.89 sec
Train epoch: 8 Learning rate: 8.1225e-05
Training loss: 0.000223
Num overlap: 4
Instr vocals sdr: nan (Std: nan)
Instr bass sdr: nan (Std: nan)
Instr drums sdr: nan (Std: nan)
Instr other sdr: nan (Std: nan)
Metric avg sdr        : nan
Elapsed time: 27.88 sec
Train epoch: 9 Learning rate: 7.716374999999999e-05
Training loss: 0.000216
Num overlap: 4
Instr vocals sdr: nan (Std: nan)
Instr bass sdr: nan (Std: nan)
Instr drums sdr: nan (Std: nan)
Instr other sdr: nan (Std: nan)
Metric avg sdr        : nan
Elapsed time: 39.01 sec
Train epoch: 10 Learning rate: 7.716374999999999e-05
Training loss: 0.000220
Num overlap: 4
Instr vocals sdr: nan (Std: nan)
Instr bass sdr: nan (Std: nan)
Instr drums sdr: nan (Std: nan)
Instr other sdr: nan (Std: nan)
Metric avg sdr        : nan
Elapsed time: 31.05 sec
Train epoch: 11 Learning rate: 7.716374999999999e-05
Training loss: 0.000230
Num overlap: 4
Instr vocals sdr: nan (Std: nan)
Instr bass sdr: nan (Std: nan)
Instr drums sdr: nan (Std: nan)
Instr other sdr: nan (Std: nan)
Metric avg sdr        : nan
Elapsed time: 30.54 sec
Train epoch: 12 Learning rate: 7.330556249999999e-05
Training loss: 0.000211
Num overlap: 4
Instr vocals sdr: nan (Std: nan)
Instr bass sdr: nan (Std: nan)
Instr drums sdr: nan (Std: nan)
Instr other sdr: nan (Std: nan)
Metric avg sdr        : nan
Elapsed time: 44.56 sec
Train epoch: 13 Learning rate: 7.330556249999999e-05
Training loss: 0.000218
Num overlap: 4
Instr vocals sdr: nan (Std: nan)
Instr bass sdr: nan (Std: nan)
Instr drums sdr: nan (Std: nan)
Instr other sdr: nan (Std: nan)
Metric avg sdr        : nan
Elapsed time: 23.94 sec
Train epoch: 14 Learning rate: 7.330556249999999e-05
Training loss: 0.000208
Num overlap: 4
Instr vocals sdr: nan (Std: nan)
Instr bass sdr: nan (Std: nan)
Instr drums sdr: nan (Std: nan)
Instr other sdr: nan (Std: nan)
Metric avg sdr        : nan
Elapsed time: 51.93 sec
Train epoch: 15 Learning rate: 6.964028437499999e-05
Training loss: 0.000208
Num overlap: 4
Instr vocals sdr: nan (Std: nan)
Instr bass sdr: nan (Std: nan)
Instr drums sdr: nan (Std: nan)
Instr other sdr: nan (Std: nan)
Metric avg sdr        : nan
Elapsed time: 26.99 sec
Train epoch: 16 Learning rate: 6.964028437499999e-05
Training loss: 0.000230
Num overlap: 4
Instr vocals sdr: nan (Std: nan)
Instr bass sdr: nan (Std: nan)
Instr drums sdr: nan (Std: nan)
Instr other sdr: nan (Std: nan)
Metric avg sdr        : nan
Elapsed time: 22.63 sec
Train epoch: 17 Learning rate: 6.964028437499999e-05
Training loss: 0.000227
Num overlap: 4
Instr vocals sdr: nan (Std: nan)
Instr bass sdr: nan (Std: nan)
Instr drums sdr: nan (Std: nan)
Instr other sdr: nan (Std: nan)
Metric avg sdr        : nan
Elapsed time: 19.48 sec
Train epoch: 18 Learning rate: 6.615827015624999e-05
Training loss: 0.000204
Num overlap: 4
Instr vocals sdr: nan (Std: nan)
Instr bass sdr: nan (Std: nan)
Instr drums sdr: nan (Std: nan)
Instr other sdr: nan (Std: nan)
Metric avg sdr        : nan
Elapsed time: 20.76 sec
Train epoch: 19 Learning rate: 6.615827015624999e-05
Training loss: 0.000212
Num overlap: 4
Instr vocals sdr: nan (Std: nan)
Instr bass sdr: nan (Std: nan)
Instr drums sdr: nan (Std: nan)
Instr other sdr: nan (Std: nan)
Metric avg sdr        : nan
Elapsed time: 22.75 sec
Train epoch: 20 Learning rate: 6.615827015624999e-05
Training loss: 0.000213
Num overlap: 4
Instr vocals sdr: nan (Std: nan)
Instr bass sdr: nan (Std: nan)
Instr drums sdr: nan (Std: nan)
Instr other sdr: nan (Std: nan)
Metric avg sdr        : nan
Elapsed time: 20.81 sec
Train epoch: 21 Learning rate: 6.285035664843749e-05
Training loss: 0.000208
Num overlap: 4
Instr vocals sdr: nan (Std: nan)
Instr bass sdr: nan (Std: nan)
Instr drums sdr: nan (Std: nan)
Instr other sdr: nan (Std: nan)
Metric avg sdr        : nan
Elapsed time: 19.42 sec
Train epoch: 22 Learning rate: 6.285035664843749e-05
Training loss: 0.000210
Num overlap: 4
Instr vocals sdr: nan (Std: nan)
Instr bass sdr: nan (Std: nan)
Instr drums sdr: nan (Std: nan)
Instr other sdr: nan (Std: nan)
Metric avg sdr        : nan
Elapsed time: 26.59 sec
Train epoch: 23 Learning rate: 6.285035664843749e-05
Training loss: 0.000198
Num overlap: 4
Instr vocals sdr: nan (Std: nan)
Instr bass sdr: nan (Std: nan)
Instr drums sdr: nan (Std: nan)
Instr other sdr: nan (Std: nan)
Metric avg sdr        : nan
Elapsed time: 21.14 sec
Train epoch: 24 Learning rate: 5.970783881601561e-05
Training loss: 0.000200
Num overlap: 4
Instr vocals sdr: nan (Std: nan)
Instr bass sdr: nan (Std: nan)
Instr drums sdr: nan (Std: nan)
Instr other sdr: nan (Std: nan)
Metric avg sdr        : nan
Elapsed time: 33.32 sec
Train epoch: 25 Learning rate: 5.970783881601561e-05
Training loss: 0.000220
Num overlap: 4
Instr vocals sdr: nan (Std: nan)
Instr bass sdr: nan (Std: nan)
Instr drums sdr: nan (Std: nan)
Instr other sdr: nan (Std: nan)
Metric avg sdr        : nan
Elapsed time: 44.29 sec
Train epoch: 26 Learning rate: 5.970783881601561e-05
Training loss: 0.000212
Num overlap: 4
Instr vocals sdr: nan (Std: nan)
Instr bass sdr: nan (Std: nan)
Instr drums sdr: nan (Std: nan)
Instr other sdr: nan (Std: nan)
Metric avg sdr        : nan
Elapsed time: 97.71 sec
Train epoch: 27 Learning rate: 5.672244687521483e-05
Training loss: 0.000203
Num overlap: 4
Instr vocals sdr: nan (Std: nan)
Instr bass sdr: nan (Std: nan)
Instr drums sdr: nan (Std: nan)
Instr other sdr: nan (Std: nan)
Metric avg sdr        : nan
Elapsed time: 27.12 sec
Train epoch: 28 Learning rate: 5.672244687521483e-05
Training loss: 0.000206
Num overlap: 4
Instr vocals sdr: nan (Std: nan)
Instr bass sdr: nan (Std: nan)
Instr drums sdr: nan (Std: nan)
Instr other sdr: nan (Std: nan)
Metric avg sdr        : nan
Elapsed time: 39.08 sec
Train epoch: 29 Learning rate: 5.672244687521483e-05
Training loss: 0.000202
Num overlap: 4
Instr vocals sdr: nan (Std: nan)
Instr bass sdr: nan (Std: nan)
Instr drums sdr: nan (Std: nan)
Instr other sdr: nan (Std: nan)
Metric avg sdr        : nan
Elapsed time: 24.52 sec
Train epoch: 30 Learning rate: 5.3886324531454084e-05
Training loss: 0.000201
Num overlap: 4
Instr vocals sdr: nan (Std: nan)
Instr bass sdr: nan (Std: nan)
Instr drums sdr: nan (Std: nan)
Instr other sdr: nan (Std: nan)
Metric avg sdr        : nan
Elapsed time: 21.88 sec
Train epoch: 31 Learning rate: 5.3886324531454084e-05
Training loss: 0.000199
Num overlap: 4
Instr vocals sdr: nan (Std: nan)
Instr bass sdr: nan (Std: nan)
Instr drums sdr: nan (Std: nan)
Instr other sdr: nan (Std: nan)
Metric avg sdr        : nan
Elapsed time: 56.35 sec
Train epoch: 32 Learning rate: 5.3886324531454084e-05
Training loss: 0.000199
Num overlap: 4
Instr vocals sdr: nan (Std: nan)
Instr bass sdr: nan (Std: nan)
Instr drums sdr: nan (Std: nan)
Instr other sdr: nan (Std: nan)
Metric avg sdr        : nan
Elapsed time: 58.41 sec
Train epoch: 33 Learning rate: 5.119200830488138e-05
Training loss: 0.000194
Num overlap: 4
Instr vocals sdr: nan (Std: nan)
Instr bass sdr: nan (Std: nan)
Instr drums sdr: nan (Std: nan)
Instr other sdr: nan (Std: nan)
Metric avg sdr        : nan
Elapsed time: 80.35 sec
Train epoch: 34 Learning rate: 5.119200830488138e-05
Training loss: 0.000210
Num overlap: 4
Instr vocals sdr: nan (Std: nan)
Instr bass sdr: nan (Std: nan)
Instr drums sdr: nan (Std: nan)
Instr other sdr: nan (Std: nan)
Metric avg sdr        : nan
Elapsed time: 43.72 sec
Train epoch: 35 Learning rate: 5.119200830488138e-05
Training loss: 0.000197
Num overlap: 4
Instr vocals sdr: nan (Std: nan)
Instr bass sdr: nan (Std: nan)
Instr drums sdr: nan (Std: nan)
Instr other sdr: nan (Std: nan)
Metric avg sdr        : nan
Elapsed time: 27.95 sec
Train epoch: 36 Learning rate: 4.8632407889637306e-05
Training loss: 0.000195
Num overlap: 4
Instr vocals sdr: nan (Std: nan)
Instr bass sdr: nan (Std: nan)
Instr drums sdr: nan (Std: nan)
Instr other sdr: nan (Std: nan)
Metric avg sdr        : nan
Elapsed time: 29.68 sec
Train epoch: 37 Learning rate: 4.8632407889637306e-05
Training loss: 0.000199
Num overlap: 4
Instr vocals sdr: nan (Std: nan)
Instr bass sdr: nan (Std: nan)
Instr drums sdr: nan (Std: nan)
Instr other sdr: nan (Std: nan)
Metric avg sdr        : nan
Elapsed time: 31.20 sec
Train epoch: 38 Learning rate: 4.8632407889637306e-05
Training loss: 0.000197
Num overlap: 4
Instr vocals sdr: nan (Std: nan)
Instr bass sdr: nan (Std: nan)
Instr drums sdr: nan (Std: nan)
Instr other sdr: nan (Std: nan)
Metric avg sdr        : nan
Elapsed time: 24.18 sec
Train epoch: 39 Learning rate: 4.620078749515544e-05
Training loss: 0.000194
Num overlap: 4
Instr vocals sdr: nan (Std: nan)
Instr bass sdr: nan (Std: nan)
Instr drums sdr: nan (Std: nan)
Instr other sdr: nan (Std: nan)
Metric avg sdr        : nan
Elapsed time: 159.09 sec
Train epoch: 40 Learning rate: 4.620078749515544e-05
Training loss: 0.000199
Num overlap: 4
Instr vocals sdr: nan (Std: nan)
Instr bass sdr: nan (Std: nan)
Instr drums sdr: nan (Std: nan)
Instr other sdr: nan (Std: nan)
Metric avg sdr        : nan
Elapsed time: 53.55 sec
Train epoch: 41 Learning rate: 4.620078749515544e-05
Training loss: 0.000191
Num overlap: 4
Instr vocals sdr: nan (Std: nan)
Instr bass sdr: nan (Std: nan)
Instr drums sdr: nan (Std: nan)
Instr other sdr: nan (Std: nan)
Metric avg sdr        : nan
Elapsed time: 42.74 sec
Train epoch: 42 Learning rate: 4.3890748120397664e-05
Training loss: 0.000195
Num overlap: 4
Instr vocals sdr: nan (Std: nan)
Instr bass sdr: nan (Std: nan)
Instr drums sdr: nan (Std: nan)
Instr other sdr: nan (Std: nan)
Metric avg sdr        : nan
Elapsed time: 81.69 sec
Train epoch: 43 Learning rate: 4.3890748120397664e-05
Training loss: 0.000191
Num overlap: 4
Instr vocals sdr: nan (Std: nan)
Instr bass sdr: nan (Std: nan)
Instr drums sdr: nan (Std: nan)
Instr other sdr: nan (Std: nan)
Metric avg sdr        : nan
Elapsed time: 34.33 sec
Train epoch: 44 Learning rate: 4.3890748120397664e-05
Training loss: 0.000195
Num overlap: 4
Instr vocals sdr: nan (Std: nan)
Instr bass sdr: nan (Std: nan)
Instr drums sdr: nan (Std: nan)
Instr other sdr: nan (Std: nan)
Metric avg sdr        : nan
Elapsed time: 25.43 sec
Train epoch: 45 Learning rate: 4.169621071437778e-05
Training loss: 0.000190
Num overlap: 4
Instr vocals sdr: nan (Std: nan)
Instr bass sdr: nan (Std: nan)
Instr drums sdr: nan (Std: nan)
Instr other sdr: nan (Std: nan)
Metric avg sdr        : nan
Elapsed time: 23.25 sec
Train epoch: 46 Learning rate: 4.169621071437778e-05
Training loss: 0.000189
Num overlap: 4
Instr vocals sdr: nan (Std: nan)
Instr bass sdr: nan (Std: nan)
Instr drums sdr: nan (Std: nan)
Instr other sdr: nan (Std: nan)
Metric avg sdr        : nan
Elapsed time: 45.85 sec
Train epoch: 47 Learning rate: 4.169621071437778e-05
Training loss: 0.000189
Num overlap: 4
Instr vocals sdr: nan (Std: nan)
Instr bass sdr: nan (Std: nan)
Instr drums sdr: nan (Std: nan)
Instr other sdr: nan (Std: nan)
Metric avg sdr        : nan
Elapsed time: 51.32 sec
Train epoch: 48 Learning rate: 3.961140017865889e-05
Training loss: 0.000188
Num overlap: 4
Instr vocals sdr: nan (Std: nan)
Instr bass sdr: nan (Std: nan)
Instr drums sdr: nan (Std: nan)
Instr other sdr: nan (Std: nan)
Metric avg sdr        : nan
Elapsed time: 79.66 sec
Train epoch: 49 Learning rate: 3.961140017865889e-05
Training loss: 0.000190
Num overlap: 4
Instr vocals sdr: nan (Std: nan)
Instr bass sdr: nan (Std: nan)
Instr drums sdr: nan (Std: nan)
Instr other sdr: nan (Std: nan)
Metric avg sdr        : nan
Elapsed time: 91.74 sec
Train epoch: 50 Learning rate: 3.961140017865889e-05
Training loss: 0.000190
Num overlap: 4
Instr vocals sdr: nan (Std: nan)
Instr bass sdr: nan (Std: nan)
Instr drums sdr: nan (Std: nan)
Instr other sdr: nan (Std: nan)
Metric avg sdr        : nan
Elapsed time: 21.36 sec
Train epoch: 51 Learning rate: 3.763083016972594e-05
Training loss: 0.000192
Num overlap: 4
Instr vocals sdr: nan (Std: nan)
Instr bass sdr: nan (Std: nan)
Instr drums sdr: nan (Std: nan)
Instr other sdr: nan (Std: nan)
Metric avg sdr        : nan
Elapsed time: 21.52 sec
Train epoch: 52 Learning rate: 3.763083016972594e-05
Training loss: 0.000187
Num overlap: 4
Instr vocals sdr: nan (Std: nan)
Instr bass sdr: nan (Std: nan)
Instr drums sdr: nan (Std: nan)
Instr other sdr: nan (Std: nan)
Metric avg sdr        : nan
Elapsed time: 80.49 sec
Train epoch: 53 Learning rate: 3.763083016972594e-05
Training loss: 0.000189
Num overlap: 4
Instr vocals sdr: nan (Std: nan)
Instr bass sdr: nan (Std: nan)
Instr drums sdr: nan (Std: nan)
Instr other sdr: nan (Std: nan)
Metric avg sdr        : nan
Elapsed time: 38.22 sec
Train epoch: 54 Learning rate: 3.5749288661239645e-05
Training loss: 0.000189
Num overlap: 4
Instr vocals sdr: nan (Std: nan)
Instr bass sdr: nan (Std: nan)
Instr drums sdr: nan (Std: nan)
Instr other sdr: nan (Std: nan)
Metric avg sdr        : nan
Elapsed time: 37.21 sec
Train epoch: 55 Learning rate: 3.5749288661239645e-05
Training loss: 0.000188
Num overlap: 4
Instr vocals sdr: nan (Std: nan)
Instr bass sdr: nan (Std: nan)
Instr drums sdr: nan (Std: nan)
Instr other sdr: nan (Std: nan)
Metric avg sdr        : nan
Elapsed time: 79.49 sec
Train epoch: 56 Learning rate: 3.5749288661239645e-05
Training loss: 0.000186
Num overlap: 4
Instr vocals sdr: nan (Std: nan)
Instr bass sdr: nan (Std: nan)
Instr drums sdr: nan (Std: nan)
Instr other sdr: nan (Std: nan)
Metric avg sdr        : nan
Elapsed time: 45.60 sec
Train epoch: 57 Learning rate: 3.396182422817766e-05
Training loss: 0.000184
Num overlap: 4
Instr vocals sdr: nan (Std: nan)
Instr bass sdr: nan (Std: nan)
Instr drums sdr: nan (Std: nan)
Instr other sdr: nan (Std: nan)
Metric avg sdr        : nan
Elapsed time: 36.62 sec
Train epoch: 58 Learning rate: 3.396182422817766e-05
Training loss: 0.000188
Num overlap: 4
Instr vocals sdr: nan (Std: nan)
Instr bass sdr: nan (Std: nan)
Instr drums sdr: nan (Std: nan)
Instr other sdr: nan (Std: nan)
Metric avg sdr        : nan
Elapsed time: 28.96 sec
Train epoch: 59 Learning rate: 3.396182422817766e-05
Training loss: 0.000190
Num overlap: 4
Instr vocals sdr: nan (Std: nan)
Instr bass sdr: nan (Std: nan)
Instr drums sdr: nan (Std: nan)
Instr other sdr: nan (Std: nan)
Metric avg sdr        : nan
Elapsed time: 22.97 sec
Train epoch: 60 Learning rate: 3.226373301676878e-05
Training loss: 0.000182
Num overlap: 4
Instr vocals sdr: nan (Std: nan)
Instr bass sdr: nan (Std: nan)
Instr drums sdr: nan (Std: nan)
Instr other sdr: nan (Std: nan)
Metric avg sdr        : nan
Elapsed time: 26.14 sec
Train epoch: 61 Learning rate: 3.226373301676878e-05
Training loss: 0.000184
Num overlap: 4
Instr vocals sdr: nan (Std: nan)
Instr bass sdr: nan (Std: nan)
Instr drums sdr: nan (Std: nan)
Instr other sdr: nan (Std: nan)
Metric avg sdr        : nan
Elapsed time: 20.72 sec
Train epoch: 62 Learning rate: 3.226373301676878e-05
Training loss: 0.000180
Num overlap: 4
Instr vocals sdr: nan (Std: nan)
Instr bass sdr: nan (Std: nan)
Instr drums sdr: nan (Std: nan)
Instr other sdr: nan (Std: nan)
Metric avg sdr        : nan
Elapsed time: 20.93 sec
Train epoch: 63 Learning rate: 3.0650546365930335e-05
Training loss: 0.000187
Num overlap: 4
Instr vocals sdr: nan (Std: nan)
Instr bass sdr: nan (Std: nan)
Instr drums sdr: nan (Std: nan)
Instr other sdr: nan (Std: nan)
Metric avg sdr        : nan
Elapsed time: 41.51 sec
Train epoch: 64 Learning rate: 3.0650546365930335e-05
Training loss: 0.000177
Num overlap: 4
Instr vocals sdr: nan (Std: nan)
Instr bass sdr: nan (Std: nan)
Instr drums sdr: nan (Std: nan)
Instr other sdr: nan (Std: nan)
Metric avg sdr        : nan
Elapsed time: 24.17 sec
Train epoch: 65 Learning rate: 3.0650546365930335e-05
Training loss: 0.000181
Num overlap: 4
Instr vocals sdr: nan (Std: nan)
Instr bass sdr: nan (Std: nan)
Instr drums sdr: nan (Std: nan)
Instr other sdr: nan (Std: nan)
Metric avg sdr        : nan
Elapsed time: 27.03 sec
Train epoch: 66 Learning rate: 2.9118019047633816e-05
Training loss: 0.000180
Num overlap: 4
Instr vocals sdr: nan (Std: nan)
Instr bass sdr: nan (Std: nan)
Instr drums sdr: nan (Std: nan)
Instr other sdr: nan (Std: nan)
Metric avg sdr        : nan
Elapsed time: 23.11 sec
Train epoch: 67 Learning rate: 2.9118019047633816e-05
Training loss: 0.000185
Num overlap: 4
Instr vocals sdr: nan (Std: nan)
Instr bass sdr: nan (Std: nan)
Instr drums sdr: nan (Std: nan)
Instr other sdr: nan (Std: nan)
Metric avg sdr        : nan
Elapsed time: 33.43 sec
Train epoch: 68 Learning rate: 2.9118019047633816e-05
Training loss: 0.000187
Num overlap: 4
Instr vocals sdr: nan (Std: nan)
Instr bass sdr: nan (Std: nan)
Instr drums sdr: nan (Std: nan)
Instr other sdr: nan (Std: nan)
Metric avg sdr        : nan
Elapsed time: 32.44 sec
Train epoch: 69 Learning rate: 2.7662118095252124e-05
Training loss: 0.000185
Num overlap: 4
Instr vocals sdr: nan (Std: nan)
Instr bass sdr: nan (Std: nan)
Instr drums sdr: nan (Std: nan)
Instr other sdr: nan (Std: nan)
Metric avg sdr        : nan
Elapsed time: 46.34 sec
Train epoch: 70 Learning rate: 2.7662118095252124e-05
Training loss: 0.000178
Num overlap: 4
Instr vocals sdr: nan (Std: nan)
Instr bass sdr: nan (Std: nan)
Instr drums sdr: nan (Std: nan)
Instr other sdr: nan (Std: nan)
Metric avg sdr        : nan
Elapsed time: 29.00 sec
Train epoch: 71 Learning rate: 2.7662118095252124e-05
Training loss: 0.000182
Num overlap: 4
Instr vocals sdr: nan (Std: nan)
Instr bass sdr: nan (Std: nan)
Instr drums sdr: nan (Std: nan)
Instr other sdr: nan (Std: nan)
Metric avg sdr        : nan
Elapsed time: 32.00 sec
Train epoch: 72 Learning rate: 2.6279012190489517e-05
Training loss: 0.000186
Num overlap: 4
Instr vocals sdr: nan (Std: nan)
Instr bass sdr: nan (Std: nan)
Instr drums sdr: nan (Std: nan)
Instr other sdr: nan (Std: nan)
Metric avg sdr        : nan
Elapsed time: 19.50 sec
Train epoch: 73 Learning rate: 2.6279012190489517e-05
Training loss: 0.000179
Num overlap: 4
Instr vocals sdr: nan (Std: nan)
Instr bass sdr: nan (Std: nan)
Instr drums sdr: nan (Std: nan)
Instr other sdr: nan (Std: nan)
Metric avg sdr        : nan
Elapsed time: 52.49 sec
Train epoch: 74 Learning rate: 2.6279012190489517e-05
Training loss: 0.000177
Num overlap: 4
Instr vocals sdr: nan (Std: nan)
Instr bass sdr: nan (Std: nan)
Instr drums sdr: nan (Std: nan)
Instr other sdr: nan (Std: nan)
Metric avg sdr        : nan
Elapsed time: 35.14 sec
Train epoch: 75 Learning rate: 2.496506158096504e-05
Training loss: 0.000176
Num overlap: 4
Instr vocals sdr: nan (Std: nan)
Instr bass sdr: nan (Std: nan)
Instr drums sdr: nan (Std: nan)
Instr other sdr: nan (Std: nan)
Metric avg sdr        : nan
Elapsed time: 19.38 sec
Train epoch: 76 Learning rate: 2.496506158096504e-05
