running pipeline script
in pipeline script
Dataset Path: /project/6002780/kaim/data/MUSDB18
Files in Dataset:
  - train
  - test
Estimates Directory Path: /project/6002780/kaim/Music-Source-Separation-Training/separated/htdemucs
Files in Estimates Directory:
  - test
Output Directory Path: /project/6002780/kaim/Music-Source-Separation-Training/results/htdemucs
No files found in Output Directory.
Starting separation for model: htdemucs
Separation completed. in 1127.6332139968872 seconds
Files organized by song title.
Calculating metrics...
dataset folder is ../data/MUSDB18, estimates_dir /project/6002780/kaim/Music-Source-Separation-Training/separated/htdemucs/, output directory /project/6002780/kaim/Music-Source-Separation-Training/results/htdemucs
Traceback (most recent call last):
  File "/project/6002780/kaim/Music-Source-Separation-Training/run_pipeline.py", line 186, in <module>
    print(f"Method: {method}")
  File "/project/6002780/kaim/Music-Source-Separation-Training/separation_env/lib/python3.10/site-packages/museval/aggregate.py", line 256, in __repr__
    targets = self.df["target"].unique()
  File "/project/6002780/kaim/Music-Source-Separation-Training/separation_env/lib/python3.10/site-packages/pandas/core/frame.py", line 4102, in __getitem__
    indexer = self.columns.get_loc(key)
  File "/project/6002780/kaim/Music-Source-Separation-Training/separation_env/lib/python3.10/site-packages/pandas/core/indexes/range.py", line 417, in get_loc
    raise KeyError(key)
KeyError: 'target'
slurmstepd: error: Detected 1 oom_kill event in StepId=48359792.batch. Some of the step tasks have been OOM Killed.
