Running training script for model: bs_roformer
training without optuna now
GPU Compute Capability below 8.0, using math or mem efficient attention if input tensor is on cuda
Instruments: ['drums', 'bass', 'other', 'vocals']
Metrics for training: ['sdr']. Metric for scheduler: sdr
Use augmentation for training
Dataset type: 1 Processes to use: 32 
Collecting metadata for ['../data/MUSDB18HQ/train']
  0%|          | 0/86 [00:00<?, ?it/s]  1%|          | 1/86 [00:28<41:00, 28.95s/it]  2%|▏         | 2/86 [00:46<31:26, 22.46s/it]  9%|▉         | 8/86 [00:53<05:58,  4.60s/it] 13%|█▎        | 11/86 [00:53<03:38,  2.91s/it] 17%|█▋        | 15/86 [01:07<03:41,  3.12s/it] 19%|█▊        | 16/86 [01:10<03:38,  3.11s/it] 22%|██▏       | 19/86 [01:17<03:11,  2.85s/it] 26%|██▌       | 22/86 [01:19<02:14,  2.10s/it] 27%|██▋       | 23/86 [01:33<03:55,  3.73s/it] 73%|███████▎  | 63/86 [01:37<00:12,  1.89it/s] 76%|███████▌  | 65/86 [01:48<00:16,  1.25it/s]100%|██████████| 86/86 [01:48<00:00,  1.26s/it]
Found tracks in dataset: 86
Use single GPU: [0]
Patience: 3 Reduce factor: 0.95 Batch size: 2 Grad accum steps: 1 Effective batch size: 2 Optimizer: adam
Train for: 1000
Train epoch: 0 Learning rate: 1e-05
  0%|          | 0/1000 [00:00<?, ?it/s]terminate called without an active exception
  0%|          | 0/1000 [00:14<?, ?it/s]
Traceback (most recent call last):
  File "/project/6002780/kaim/Music-Source-Separation-Training/train_tensorboard.py", line 356, in <module>
    best_metric = train_model(args, base_config, writer=writer)
  File "/project/6002780/kaim/Music-Source-Separation-Training/train_tensorboard.py", line 234, in train_model
    loss = model(x, y)
  File "/project/6002780/kaim/Music-Source-Separation-Training/separation_env/lib/python3.10/site-packages/torch/nn/modules/module.py", line 1736, in _wrapped_call_impl
    return self._call_impl(*args, **kwargs)
  File "/project/6002780/kaim/Music-Source-Separation-Training/separation_env/lib/python3.10/site-packages/torch/nn/modules/module.py", line 1747, in _call_impl
    return forward_call(*args, **kwargs)
  File "/project/6002780/kaim/Music-Source-Separation-Training/models/bs_roformer/bs_roformer.py", line 531, in forward
    x = time_transformer(x)
  File "/project/6002780/kaim/Music-Source-Separation-Training/separation_env/lib/python3.10/site-packages/torch/nn/modules/module.py", line 1736, in _wrapped_call_impl
    return self._call_impl(*args, **kwargs)
  File "/project/6002780/kaim/Music-Source-Separation-Training/separation_env/lib/python3.10/site-packages/torch/nn/modules/module.py", line 1747, in _call_impl
    return forward_call(*args, **kwargs)
  File "/project/6002780/kaim/Music-Source-Separation-Training/models/bs_roformer/bs_roformer.py", line 215, in forward
    x = ff(x) + x
  File "/project/6002780/kaim/Music-Source-Separation-Training/separation_env/lib/python3.10/site-packages/torch/nn/modules/module.py", line 1736, in _wrapped_call_impl
    return self._call_impl(*args, **kwargs)
  File "/project/6002780/kaim/Music-Source-Separation-Training/separation_env/lib/python3.10/site-packages/torch/nn/modules/module.py", line 1747, in _call_impl
    return forward_call(*args, **kwargs)
  File "/project/6002780/kaim/Music-Source-Separation-Training/models/bs_roformer/bs_roformer.py", line 74, in forward
    return self.net(x)
  File "/project/6002780/kaim/Music-Source-Separation-Training/separation_env/lib/python3.10/site-packages/torch/nn/modules/module.py", line 1736, in _wrapped_call_impl
    return self._call_impl(*args, **kwargs)
  File "/project/6002780/kaim/Music-Source-Separation-Training/separation_env/lib/python3.10/site-packages/torch/nn/modules/module.py", line 1747, in _call_impl
    return forward_call(*args, **kwargs)
  File "/project/6002780/kaim/Music-Source-Separation-Training/separation_env/lib/python3.10/site-packages/torch/nn/modules/container.py", line 250, in forward
    input = module(input)
  File "/project/6002780/kaim/Music-Source-Separation-Training/separation_env/lib/python3.10/site-packages/torch/nn/modules/module.py", line 1736, in _wrapped_call_impl
    return self._call_impl(*args, **kwargs)
  File "/project/6002780/kaim/Music-Source-Separation-Training/separation_env/lib/python3.10/site-packages/torch/nn/modules/module.py", line 1747, in _call_impl
    return forward_call(*args, **kwargs)
  File "/project/6002780/kaim/Music-Source-Separation-Training/models/bs_roformer/bs_roformer.py", line 50, in forward
    return F.normalize(x, dim=-1) * self.scale * self.gamma
torch.OutOfMemoryError: CUDA out of memory. Tried to allocate 200.00 MiB. GPU 0 has a total capacity of 31.73 GiB of which 140.69 MiB is free. Including non-PyTorch memory, this process has 31.59 GiB memory in use. Of the allocated memory 31.21 GiB is allocated by PyTorch, and 10.10 MiB is reserved by PyTorch but unallocated. If reserved but unallocated memory is large try setting PYTORCH_CUDA_ALLOC_CONF=expandable_segments:True to avoid fragmentation.  See documentation for Memory Management  (https://pytorch.org/docs/stable/notes/cuda.html#environment-variables)
