Running training script for model: bs_roformer
training without optuna now
Instruments: ['drums', 'bass', 'other', 'vocals']
Metrics for training: ['sdr']. Metric for scheduler: sdr
Use augmentation for training
Dataset type: 1 Processes to use: 8 
Collecting metadata for ['../data/MUSDB18HQ/train']
  0%|          | 0/80 [00:00<?, ?it/s]  1%|▏         | 1/80 [00:09<12:35,  9.56s/it]  4%|▍         | 3/80 [00:09<03:15,  2.53s/it]  6%|▋         | 5/80 [00:09<01:34,  1.26s/it] 11%|█▏        | 9/80 [00:09<00:37,  1.90it/s] 22%|██▎       | 18/80 [00:10<00:11,  5.31it/s] 39%|███▉      | 31/80 [00:10<00:04, 11.83it/s] 55%|█████▌    | 44/80 [00:10<00:01, 20.01it/s] 68%|██████▊   | 54/80 [00:10<00:00, 27.03it/s] 80%|████████  | 64/80 [00:10<00:00, 34.28it/s]100%|██████████| 80/80 [00:10<00:00, 51.16it/s]100%|██████████| 80/80 [00:10<00:00,  7.56it/s]
Found tracks in dataset: 80
CUDA is not available. Training on CPU will be very slow...
Patience: 3 Reduce factor: 0.95 Batch size: 1 Grad accum steps: 1 Effective batch size: 1 Optimizer: adam
Train for: 1000
Train epoch: 0 Learning rate: 1e-05
  0%|          | 0/1000 [00:00<?, ?it/s]Traceback (most recent call last):
  File "<string>", line 1, in <module>
Traceback (most recent call last):
  File "<string>", line 1, in <module>
  File "/Library/Frameworks/Python.framework/Versions/3.10/lib/python3.10/multiprocessing/spawn.py", line 116, in spawn_main
  File "/Library/Frameworks/Python.framework/Versions/3.10/lib/python3.10/multiprocessing/spawn.py", line 116, in spawn_main
    exitcode = _main(fd, parent_sentinel)
  File "/Library/Frameworks/Python.framework/Versions/3.10/lib/python3.10/multiprocessing/spawn.py", line 125, in _main
    exitcode = _main(fd, parent_sentinel)
  File "/Library/Frameworks/Python.framework/Versions/3.10/lib/python3.10/multiprocessing/spawn.py", line 125, in _main
    prepare(preparation_data)
  File "/Library/Frameworks/Python.framework/Versions/3.10/lib/python3.10/multiprocessing/spawn.py", line 236, in prepare
    prepare(preparation_data)
  File "/Library/Frameworks/Python.framework/Versions/3.10/lib/python3.10/multiprocessing/spawn.py", line 236, in prepare
    _fixup_main_from_path(data['init_main_from_path'])
  File "/Library/Frameworks/Python.framework/Versions/3.10/lib/python3.10/multiprocessing/spawn.py", line 287, in _fixup_main_from_path
    _fixup_main_from_path(data['init_main_from_path'])
  File "/Library/Frameworks/Python.framework/Versions/3.10/lib/python3.10/multiprocessing/spawn.py", line 287, in _fixup_main_from_path
    main_content = runpy.run_path(main_path,
  File "/Library/Frameworks/Python.framework/Versions/3.10/lib/python3.10/runpy.py", line 269, in run_path
    return _run_module_code(code, init_globals, run_name,
  File "/Library/Frameworks/Python.framework/Versions/3.10/lib/python3.10/runpy.py", line 96, in _run_module_code
    _run_code(code, mod_globals, init_globals,
  File "/Library/Frameworks/Python.framework/Versions/3.10/lib/python3.10/runpy.py", line 86, in _run_code
    exec(code, run_globals)
  File "/Users/kaimikkelsen/canada_compute/Music-Source-Separation-Training/train_tensorboard.py", line 14, in <module>
    import wandb
  File "/Users/kaimikkelsen/canada_compute/Music-Source-Separation-Training/separation_env/lib/python3.10/site-packages/wandb/__init__.py", line 21, in <module>
    from wandb import sdk as wandb_sdk
  File "/Users/kaimikkelsen/canada_compute/Music-Source-Separation-Training/separation_env/lib/python3.10/site-packages/wandb/sdk/__init__.py", line 25, in <module>
    from .artifacts.artifact import Artifact
  File "/Users/kaimikkelsen/canada_compute/Music-Source-Separation-Training/separation_env/lib/python3.10/site-packages/wandb/sdk/artifacts/artifact.py", line 37, in <module>
Traceback (most recent call last):
  File "<string>", line 1, in <module>
  File "/Library/Frameworks/Python.framework/Versions/3.10/lib/python3.10/multiprocessing/spawn.py", line 116, in spawn_main
Traceback (most recent call last):
  File "<string>", line 1, in <module>
  File "/Library/Frameworks/Python.framework/Versions/3.10/lib/python3.10/multiprocessing/spawn.py", line 116, in spawn_main
Traceback (most recent call last):
  File "<string>", line 1, in <module>
    main_content = runpy.run_path(main_path,
  File "/Library/Frameworks/Python.framework/Versions/3.10/lib/python3.10/multiprocessing/spawn.py", line 116, in spawn_main
    exitcode = _main(fd, parent_sentinel)
  File "/Library/Frameworks/Python.framework/Versions/3.10/lib/python3.10/multiprocessing/spawn.py", line 125, in _main
  File "/Library/Frameworks/Python.framework/Versions/3.10/lib/python3.10/runpy.py", line 269, in run_path
    prepare(preparation_data)
  File "/Library/Frameworks/Python.framework/Versions/3.10/lib/python3.10/multiprocessing/spawn.py", line 236, in prepare
    exitcode = _main(fd, parent_sentinel)
  File "/Library/Frameworks/Python.framework/Versions/3.10/lib/python3.10/multiprocessing/spawn.py", line 125, in _main
    _fixup_main_from_path(data['init_main_from_path'])
  File "/Library/Frameworks/Python.framework/Versions/3.10/lib/python3.10/multiprocessing/spawn.py", line 287, in _fixup_main_from_path
    exitcode = _main(fd, parent_sentinel)
  File "/Library/Frameworks/Python.framework/Versions/3.10/lib/python3.10/multiprocessing/spawn.py", line 125, in _main
    prepare(preparation_data)
  File "/Library/Frameworks/Python.framework/Versions/3.10/lib/python3.10/multiprocessing/spawn.py", line 236, in prepare
    return _run_module_code(code, init_globals, run_name,
  File "/Library/Frameworks/Python.framework/Versions/3.10/lib/python3.10/runpy.py", line 96, in _run_module_code
    main_content = runpy.run_path(main_path,
  File "/Library/Frameworks/Python.framework/Versions/3.10/lib/python3.10/runpy.py", line 269, in run_path
    _fixup_main_from_path(data['init_main_from_path'])
  File "/Library/Frameworks/Python.framework/Versions/3.10/lib/python3.10/multiprocessing/spawn.py", line 287, in _fixup_main_from_path
    from wandb.apis.normalize import normalize_exceptions
    _run_code(code, mod_globals, init_globals,
  File "/Users/kaimikkelsen/canada_compute/Music-Source-Separation-Training/separation_env/lib/python3.10/site-packages/wandb/apis/__init__.py", line 43, in <module>
  File "/Library/Frameworks/Python.framework/Versions/3.10/lib/python3.10/runpy.py", line 86, in _run_code
    return _run_module_code(code, init_globals, run_name,
  File "/Library/Frameworks/Python.framework/Versions/3.10/lib/python3.10/runpy.py", line 96, in _run_module_code
    prepare(preparation_data)
  File "/Library/Frameworks/Python.framework/Versions/3.10/lib/python3.10/multiprocessing/spawn.py", line 236, in prepare
    exec(code, run_globals)
  File "/Users/kaimikkelsen/canada_compute/Music-Source-Separation-Training/train_tensorboard.py", line 14, in <module>
    main_content = runpy.run_path(main_path,
  File "/Library/Frameworks/Python.framework/Versions/3.10/lib/python3.10/runpy.py", line 269, in run_path
    _run_code(code, mod_globals, init_globals,
  File "/Library/Frameworks/Python.framework/Versions/3.10/lib/python3.10/runpy.py", line 86, in _run_code
    from .internal import Api as InternalApi  # noqa
  File "/Users/kaimikkelsen/canada_compute/Music-Source-Separation-Training/separation_env/lib/python3.10/site-packages/wandb/apis/internal.py", line 3, in <module>
    exec(code, run_globals)
  File "/Users/kaimikkelsen/canada_compute/Music-Source-Separation-Training/train_tensorboard.py", line 14, in <module>
    return _run_module_code(code, init_globals, run_name,
  File "/Library/Frameworks/Python.framework/Versions/3.10/lib/python3.10/runpy.py", line 96, in _run_module_code
    import wandb
  File "/Users/kaimikkelsen/canada_compute/Music-Source-Separation-Training/separation_env/lib/python3.10/site-packages/wandb/__init__.py", line 21, in <module>
    _run_code(code, mod_globals, init_globals,
  File "/Library/Frameworks/Python.framework/Versions/3.10/lib/python3.10/runpy.py", line 86, in _run_code
    from wandb import sdk as wandb_sdk
  File "/Users/kaimikkelsen/canada_compute/Music-Source-Separation-Training/separation_env/lib/python3.10/site-packages/wandb/sdk/__init__.py", line 25, in <module>
Traceback (most recent call last):
  File "<string>", line 1, in <module>
    from .artifacts.artifact import Artifact
  File "/Users/kaimikkelsen/canada_compute/Music-Source-Separation-Training/separation_env/lib/python3.10/site-packages/wandb/sdk/artifacts/artifact.py", line 37, in <module>
    _fixup_main_from_path(data['init_main_from_path'])
  File "/Library/Frameworks/Python.framework/Versions/3.10/lib/python3.10/multiprocessing/spawn.py", line 287, in _fixup_main_from_path
    from wandb.apis.normalize import normalize_exceptions
    import wandb
  File "/Users/kaimikkelsen/canada_compute/Music-Source-Separation-Training/separation_env/lib/python3.10/site-packages/wandb/apis/__init__.py", line 43, in <module>
  File "/Users/kaimikkelsen/canada_compute/Music-Source-Separation-Training/separation_env/lib/python3.10/site-packages/wandb/__init__.py", line 21, in <module>
  File "/Library/Frameworks/Python.framework/Versions/3.10/lib/python3.10/multiprocessing/spawn.py", line 116, in spawn_main
    from wandb.sdk.internal.internal_api import Api as InternalApi
  File "/Users/kaimikkelsen/canada_compute/Music-Source-Separation-Training/separation_env/lib/python3.10/site-packages/wandb/sdk/internal/internal_api.py", line 54, in <module>
    from .internal import Api as InternalApi  # noqa
  File "/Users/kaimikkelsen/canada_compute/Music-Source-Separation-Training/separation_env/lib/python3.10/site-packages/wandb/apis/internal.py", line 3, in <module>
    exec(code, run_globals)
  File "/Users/kaimikkelsen/canada_compute/Music-Source-Separation-Training/train_tensorboard.py", line 14, in <module>
    from wandb.sdk.internal.internal_api import Api as InternalApi
  File "/Users/kaimikkelsen/canada_compute/Music-Source-Separation-Training/separation_env/lib/python3.10/site-packages/wandb/sdk/internal/internal_api.py", line 56, in <module>
    exitcode = _main(fd, parent_sentinel)
  File "/Library/Frameworks/Python.framework/Versions/3.10/lib/python3.10/multiprocessing/spawn.py", line 125, in _main
    from wandb import sdk as wandb_sdk
    import wandb
  File "/Users/kaimikkelsen/canada_compute/Music-Source-Separation-Training/separation_env/lib/python3.10/site-packages/wandb/sdk/__init__.py", line 25, in <module>
  File "/Users/kaimikkelsen/canada_compute/Music-Source-Separation-Training/separation_env/lib/python3.10/site-packages/wandb/__init__.py", line 21, in <module>
    main_content = runpy.run_path(main_path,
  File "/Library/Frameworks/Python.framework/Versions/3.10/lib/python3.10/runpy.py", line 269, in run_path
Traceback (most recent call last):
  File "<string>", line 1, in <module>
    prepare(preparation_data)
  File "/Library/Frameworks/Python.framework/Versions/3.10/lib/python3.10/multiprocessing/spawn.py", line 236, in prepare
    from wandb import sdk as wandb_sdk
  File "/Users/kaimikkelsen/canada_compute/Music-Source-Separation-Training/separation_env/lib/python3.10/site-packages/wandb/sdk/__init__.py", line 25, in <module>
    from .artifacts.artifact import Artifact
  File "/Users/kaimikkelsen/canada_compute/Music-Source-Separation-Training/separation_env/lib/python3.10/site-packages/wandb/sdk/artifacts/artifact.py", line 37, in <module>
    _fixup_main_from_path(data['init_main_from_path'])
  File "/Library/Frameworks/Python.framework/Versions/3.10/lib/python3.10/multiprocessing/spawn.py", line 287, in _fixup_main_from_path
  File "/Library/Frameworks/Python.framework/Versions/3.10/lib/python3.10/multiprocessing/spawn.py", line 116, in spawn_main
    from .artifacts.artifact import Artifact
    return _run_module_code(code, init_globals, run_name,
  File "/Users/kaimikkelsen/canada_compute/Music-Source-Separation-Training/separation_env/lib/python3.10/site-packages/wandb/sdk/artifacts/artifact.py", line 37, in <module>
  File "/Library/Frameworks/Python.framework/Versions/3.10/lib/python3.10/runpy.py", line 96, in _run_module_code
    from wandb.apis.normalize import normalize_exceptions
  File "/Users/kaimikkelsen/canada_compute/Music-Source-Separation-Training/separation_env/lib/python3.10/site-packages/wandb/apis/__init__.py", line 43, in <module>
    from ..lib.gitlib import GitRepo
  File "/Users/kaimikkelsen/canada_compute/Music-Source-Separation-Training/separation_env/lib/python3.10/site-packages/wandb/sdk/lib/gitlib.py", line 10, in <module>
    main_content = runpy.run_path(main_path,
  File "/Library/Frameworks/Python.framework/Versions/3.10/lib/python3.10/runpy.py", line 269, in run_path
    from wandb.apis.normalize import normalize_exceptions
  File "/Users/kaimikkelsen/canada_compute/Music-Source-Separation-Training/separation_env/lib/python3.10/site-packages/wandb/apis/__init__.py", line 43, in <module>
    _run_code(code, mod_globals, init_globals,
  File "/Library/Frameworks/Python.framework/Versions/3.10/lib/python3.10/runpy.py", line 86, in _run_code
    exitcode = _main(fd, parent_sentinel)
  File "/Library/Frameworks/Python.framework/Versions/3.10/lib/python3.10/multiprocessing/spawn.py", line 125, in _main
    exec(code, run_globals)
  File "/Users/kaimikkelsen/canada_compute/Music-Source-Separation-Training/train_tensorboard.py", line 14, in <module>
    from .internal import Api as InternalApi  # noqa
  File "/Users/kaimikkelsen/canada_compute/Music-Source-Separation-Training/separation_env/lib/python3.10/site-packages/wandb/apis/internal.py", line 3, in <module>
    prepare(preparation_data)
  File "/Library/Frameworks/Python.framework/Versions/3.10/lib/python3.10/multiprocessing/spawn.py", line 236, in prepare
    from .internal import Api as InternalApi  # noqa
  File "/Users/kaimikkelsen/canada_compute/Music-Source-Separation-Training/separation_env/lib/python3.10/site-packages/wandb/apis/internal.py", line 3, in <module>
    import wandb
  File "/Users/kaimikkelsen/canada_compute/Music-Source-Separation-Training/separation_env/lib/python3.10/site-packages/wandb/__init__.py", line 21, in <module>
  0%|          | 0/1000 [00:03<?, ?it/s]    return _run_module_code(code, init_globals, run_name,
  File "/Library/Frameworks/Python.framework/Versions/3.10/lib/python3.10/runpy.py", line 96, in _run_module_code
    _fixup_main_from_path(data['init_main_from_path'])
  File "/Library/Frameworks/Python.framework/Versions/3.10/lib/python3.10/multiprocessing/spawn.py", line 287, in _fixup_main_from_path

    from wandb.sdk.internal.internal_api import Api as InternalApi
  File "/Users/kaimikkelsen/canada_compute/Music-Source-Separation-Training/separation_env/lib/python3.10/site-packages/wandb/sdk/internal/internal_api.py", line 56, in <module>
    from wandb.sdk.internal.internal_api import Api as InternalApi
  File "/Users/kaimikkelsen/canada_compute/Music-Source-Separation-Training/separation_env/lib/python3.10/site-packages/wandb/sdk/internal/internal_api.py", line 56, in <module>
    from wandb import sdk as wandb_sdk
  File "/Users/kaimikkelsen/canada_compute/Music-Source-Separation-Training/separation_env/lib/python3.10/site-packages/wandb/sdk/__init__.py", line 25, in <module>
    from git import (  # type: ignore
  File "/Users/kaimikkelsen/canada_compute/Music-Source-Separation-Training/separation_env/lib/python3.10/site-packages/git/__init__.py", line 296, in <module>
    _run_code(code, mod_globals, init_globals,
  File "/Library/Frameworks/Python.framework/Versions/3.10/lib/python3.10/runpy.py", line 86, in _run_code
    main_content = runpy.run_path(main_path,
  File "/Library/Frameworks/Python.framework/Versions/3.10/lib/python3.10/runpy.py", line 269, in run_path
    from ..lib.gitlib import GitRepo
  File "/Users/kaimikkelsen/canada_compute/Music-Source-Separation-Training/separation_env/lib/python3.10/site-packages/wandb/sdk/lib/gitlib.py", line 10, in <module>
    from .artifacts.artifact import Artifact
  File "/Users/kaimikkelsen/canada_compute/Music-Source-Separation-Training/separation_env/lib/python3.10/site-packages/wandb/sdk/artifacts/artifact.py", line 37, in <module>
    from ..lib.gitlib import GitRepo
  File "/Users/kaimikkelsen/canada_compute/Music-Source-Separation-Training/separation_env/lib/python3.10/site-packages/wandb/sdk/lib/gitlib.py", line 10, in <module>
    exec(code, run_globals)
  File "/Users/kaimikkelsen/canada_compute/Music-Source-Separation-Training/train_tensorboard.py", line 14, in <module>
    return _run_module_code(code, init_globals, run_name,
    from git import (  # type: ignore
  File "/Library/Frameworks/Python.framework/Versions/3.10/lib/python3.10/runpy.py", line 96, in _run_module_code
    from wandb.apis.normalize import normalize_exceptions
  File "/Users/kaimikkelsen/canada_compute/Music-Source-Separation-Training/separation_env/lib/python3.10/site-packages/git/__init__.py", line 100, in <module>
    import wandb
  File "/Users/kaimikkelsen/canada_compute/Music-Source-Separation-Training/separation_env/lib/python3.10/site-packages/wandb/apis/__init__.py", line 43, in <module>
    from git import (  # type: ignore
  File "/Users/kaimikkelsen/canada_compute/Music-Source-Separation-Training/separation_env/lib/python3.10/site-packages/git/__init__.py", line 296, in <module>
    from ..lib import credentials, retry
  File "/Users/kaimikkelsen/canada_compute/Music-Source-Separation-Training/separation_env/lib/python3.10/site-packages/wandb/sdk/lib/retry.py", line 17, in <module>
  File "/Users/kaimikkelsen/canada_compute/Music-Source-Separation-Training/separation_env/lib/python3.10/site-packages/wandb/__init__.py", line 21, in <module>
    _run_code(code, mod_globals, init_globals,
  File "/Library/Frameworks/Python.framework/Versions/3.10/lib/python3.10/runpy.py", line 86, in _run_code
    from .internal import Api as InternalApi  # noqa
  File "/Users/kaimikkelsen/canada_compute/Music-Source-Separation-Training/separation_env/lib/python3.10/site-packages/wandb/apis/internal.py", line 3, in <module>
Traceback (most recent call last):
    exec(code, run_globals)
  File "<string>", line 1, in <module>
  File "/Users/kaimikkelsen/canada_compute/Music-Source-Separation-Training/train_tensorboard.py", line 14, in <module>
    from wandb.sdk.internal.internal_api import Api as InternalApi
  File "/Users/kaimikkelsen/canada_compute/Music-Source-Separation-Training/separation_env/lib/python3.10/site-packages/wandb/sdk/internal/internal_api.py", line 56, in <module>
    import wandb
  File "/Users/kaimikkelsen/canada_compute/Music-Source-Separation-Training/separation_env/lib/python3.10/site-packages/wandb/__init__.py", line 21, in <module>
    from git.exc import (
  File "/Users/kaimikkelsen/canada_compute/Music-Source-Separation-Training/separation_env/lib/python3.10/site-packages/git/exc.py", line 65, in <module>
    from ..lib.gitlib import GitRepo
  File "/Users/kaimikkelsen/canada_compute/Music-Source-Separation-Training/separation_env/lib/python3.10/site-packages/wandb/sdk/lib/gitlib.py", line 10, in <module>
    refresh()
  File "/Users/kaimikkelsen/canada_compute/Music-Source-Separation-Training/separation_env/lib/python3.10/site-packages/git/__init__.py", line 287, in refresh
  File "/Library/Frameworks/Python.framework/Versions/3.10/lib/python3.10/multiprocessing/spawn.py", line 116, in spawn_main
    from wandb import sdk as wandb_sdk
  File "/Users/kaimikkelsen/canada_compute/Music-Source-Separation-Training/separation_env/lib/python3.10/site-packages/wandb/sdk/__init__.py", line 25, in <module>
    from wandb import sdk as wandb_sdk
  File "/Users/kaimikkelsen/canada_compute/Music-Source-Separation-Training/separation_env/lib/python3.10/site-packages/wandb/sdk/__init__.py", line 25, in <module>
    from git import (  # type: ignore
    refresh()
  File "/Users/kaimikkelsen/canada_compute/Music-Source-Separation-Training/separation_env/lib/python3.10/site-packages/git/__init__.py", line 296, in <module>
  File "/Users/kaimikkelsen/canada_compute/Music-Source-Separation-Training/separation_env/lib/python3.10/site-packages/git/__init__.py", line 287, in refresh
    from .artifacts.artifact import Artifact
  File "/Users/kaimikkelsen/canada_compute/Music-Source-Separation-Training/separation_env/lib/python3.10/site-packages/wandb/sdk/artifacts/artifact.py", line 37, in <module>
    if not Git.refresh(path=path):
  File "/Users/kaimikkelsen/canada_compute/Music-Source-Separation-Training/separation_env/lib/python3.10/site-packages/git/cmd.py", line 559, in refresh
    exitcode = _main(fd, parent_sentinel)
  File "/Library/Frameworks/Python.framework/Versions/3.10/lib/python3.10/multiprocessing/spawn.py", line 125, in _main
Traceback (most recent call last):
  File "/Users/kaimikkelsen/canada_compute/Music-Source-Separation-Training/train_tensorboard.py", line 356, in <module>
    from .artifacts.artifact import Artifact
  File "/Users/kaimikkelsen/canada_compute/Music-Source-Separation-Training/separation_env/lib/python3.10/site-packages/wandb/sdk/artifacts/artifact.py", line 37, in <module>
    from wandb.apis.normalize import normalize_exceptions
    refresh()
  File "/Users/kaimikkelsen/canada_compute/Music-Source-Separation-Training/separation_env/lib/python3.10/site-packages/wandb/apis/__init__.py", line 43, in <module>
  File "/Users/kaimikkelsen/canada_compute/Music-Source-Separation-Training/separation_env/lib/python3.10/site-packages/git/__init__.py", line 287, in refresh
    if not Git.refresh(path=path):
  File "/Users/kaimikkelsen/canada_compute/Music-Source-Separation-Training/separation_env/lib/python3.10/site-packages/git/cmd.py", line 559, in refresh
    from wandb.apis.normalize import normalize_exceptions
  File "/Users/kaimikkelsen/canada_compute/Music-Source-Separation-Training/separation_env/lib/python3.10/site-packages/wandb/apis/__init__.py", line 43, in <module>
    from .internal import Api as InternalApi  # noqa
  File "/Users/kaimikkelsen/canada_compute/Music-Source-Separation-Training/separation_env/lib/python3.10/site-packages/wandb/apis/internal.py", line 3, in <module>
    prepare(preparation_data)
  File "/Library/Frameworks/Python.framework/Versions/3.10/lib/python3.10/multiprocessing/spawn.py", line 236, in prepare
    from .mailbox import ContextCancelledError
  File "/Users/kaimikkelsen/canada_compute/Music-Source-Separation-Training/separation_env/lib/python3.10/site-packages/wandb/sdk/lib/mailbox.py", line 10, in <module>
    if not Git.refresh(path=path):
  File "/Users/kaimikkelsen/canada_compute/Music-Source-Separation-Training/separation_env/lib/python3.10/site-packages/git/cmd.py", line 559, in refresh
    from wandb.sdk.internal.internal_api import Api as InternalApi
  File "/Users/kaimikkelsen/canada_compute/Music-Source-Separation-Training/separation_env/lib/python3.10/site-packages/wandb/sdk/internal/internal_api.py", line 56, in <module>
    _fixup_main_from_path(data['init_main_from_path'])
  File "/Library/Frameworks/Python.framework/Versions/3.10/lib/python3.10/multiprocessing/spawn.py", line 287, in _fixup_main_from_path
    class InvalidGitRepositoryError(GitError):
KeyboardInterrupt
    from ..lib.gitlib import GitRepo
  File "/Users/kaimikkelsen/canada_compute/Music-Source-Separation-Training/separation_env/lib/python3.10/site-packages/wandb/sdk/lib/gitlib.py", line 10, in <module>
    from git import (  # type: ignore
  File "/Users/kaimikkelsen/canada_compute/Music-Source-Separation-Training/separation_env/lib/python3.10/site-packages/git/__init__.py", line 296, in <module>
    main_content = runpy.run_path(main_path,
  File "/Library/Frameworks/Python.framework/Versions/3.10/lib/python3.10/runpy.py", line 269, in run_path
    refresh()
  File "/Users/kaimikkelsen/canada_compute/Music-Source-Separation-Training/separation_env/lib/python3.10/site-packages/git/__init__.py", line 287, in refresh
    return _run_module_code(code, init_globals, run_name,
  File "/Library/Frameworks/Python.framework/Versions/3.10/lib/python3.10/runpy.py", line 96, in _run_module_code
    from .internal import Api as InternalApi  # noqa
  File "/Users/kaimikkelsen/canada_compute/Music-Source-Separation-Training/separation_env/lib/python3.10/site-packages/wandb/apis/internal.py", line 3, in <module>
    best_metric = train_model(args, base_config, writer=writer)
  File "/Users/kaimikkelsen/canada_compute/Music-Source-Separation-Training/train_tensorboard.py", line 221, in train_model
    from wandb.sdk.internal.internal_api import Api as InternalApi
  File "/Users/kaimikkelsen/canada_compute/Music-Source-Separation-Training/separation_env/lib/python3.10/site-packages/wandb/sdk/internal/internal_api.py", line 56, in <module>
    if not Git.refresh(path=path):
  File "/Users/kaimikkelsen/canada_compute/Music-Source-Separation-Training/separation_env/lib/python3.10/site-packages/git/cmd.py", line 559, in refresh
    _run_code(code, mod_globals, init_globals,
    cls().version()
  File "/Library/Frameworks/Python.framework/Versions/3.10/lib/python3.10/runpy.py", line 86, in _run_code
  File "/Users/kaimikkelsen/canada_compute/Music-Source-Separation-Training/separation_env/lib/python3.10/site-packages/git/cmd.py", line 986, in <lambda>
    cls().version()
  File "/Users/kaimikkelsen/canada_compute/Music-Source-Separation-Training/separation_env/lib/python3.10/site-packages/git/cmd.py", line 986, in <lambda>
    from ..lib.gitlib import GitRepo
  File "/Users/kaimikkelsen/canada_compute/Music-Source-Separation-Training/separation_env/lib/python3.10/site-packages/wandb/sdk/lib/gitlib.py", line 10, in <module>
    for i, (batch, mixes) in enumerate(pbar):
    cls().version()
    exec(code, run_globals)
  File "/Users/kaimikkelsen/canada_compute/Music-Source-Separation-Training/train_tensorboard.py", line 14, in <module>
  File "/Users/kaimikkelsen/canada_compute/Music-Source-Separation-Training/separation_env/lib/python3.10/site-packages/tqdm/std.py", line 1181, in __iter__
  File "/Users/kaimikkelsen/canada_compute/Music-Source-Separation-Training/separation_env/lib/python3.10/site-packages/git/cmd.py", line 986, in <lambda>
    from wandb.proto import wandb_internal_pb2 as pb
  File "/Users/kaimikkelsen/canada_compute/Music-Source-Separation-Training/separation_env/lib/python3.10/site-packages/wandb/proto/wandb_internal_pb2.py", line 6, in <module>
    import wandb
  File "/Users/kaimikkelsen/canada_compute/Music-Source-Separation-Training/separation_env/lib/python3.10/site-packages/wandb/__init__.py", line 21, in <module>
    cls().version()
  File "/Users/kaimikkelsen/canada_compute/Music-Source-Separation-Training/separation_env/lib/python3.10/site-packages/git/cmd.py", line 986, in <lambda>
    return lambda *args, **kwargs: self._call_process(name, *args, **kwargs)
  File "/Users/kaimikkelsen/canada_compute/Music-Source-Separation-Training/separation_env/lib/python3.10/site-packages/git/cmd.py", line 1598, in _call_process
    from git import (  # type: ignore
  File "/Users/kaimikkelsen/canada_compute/Music-Source-Separation-Training/separation_env/lib/python3.10/site-packages/git/__init__.py", line 296, in <module>
    return lambda *args, **kwargs: self._call_process(name, *args, **kwargs)
  File "/Users/kaimikkelsen/canada_compute/Music-Source-Separation-Training/separation_env/lib/python3.10/site-packages/git/cmd.py", line 1598, in _call_process
    return lambda *args, **kwargs: self._call_process(name, *args, **kwargs)
  File "/Users/kaimikkelsen/canada_compute/Music-Source-Separation-Training/separation_env/lib/python3.10/site-packages/git/cmd.py", line 1598, in _call_process
    refresh()
  File "/Users/kaimikkelsen/canada_compute/Music-Source-Separation-Training/separation_env/lib/python3.10/site-packages/git/__init__.py", line 287, in refresh
    return self.execute(call, **exec_kwargs)
  File "/Users/kaimikkelsen/canada_compute/Music-Source-Separation-Training/separation_env/lib/python3.10/site-packages/git/cmd.py", line 1343, in execute
    if not Git.refresh(path=path):
  File "/Users/kaimikkelsen/canada_compute/Music-Source-Separation-Training/separation_env/lib/python3.10/site-packages/git/cmd.py", line 559, in refresh
    from wandb import sdk as wandb_sdk
  File "/Users/kaimikkelsen/canada_compute/Music-Source-Separation-Training/separation_env/lib/python3.10/site-packages/wandb/sdk/__init__.py", line 25, in <module>
    return lambda *args, **kwargs: self._call_process(name, *args, **kwargs)
    return self.execute(call, **exec_kwargs)
  File "/Users/kaimikkelsen/canada_compute/Music-Source-Separation-Training/separation_env/lib/python3.10/site-packages/git/cmd.py", line 1598, in _call_process
  File "/Users/kaimikkelsen/canada_compute/Music-Source-Separation-Training/separation_env/lib/python3.10/site-packages/git/cmd.py", line 1343, in execute
    cls().version()
    stdout_value, stderr_value = communicate()
  File "/Library/Frameworks/Python.framework/Versions/3.10/lib/python3.10/subprocess.py", line 1149, in communicate
  File "/Users/kaimikkelsen/canada_compute/Music-Source-Separation-Training/separation_env/lib/python3.10/site-packages/git/cmd.py", line 986, in <lambda>
    from wandb.proto.v3.wandb_internal_pb2 import *
  File "/Users/kaimikkelsen/canada_compute/Music-Source-Separation-Training/separation_env/lib/python3.10/site-packages/wandb/proto/v3/wandb_internal_pb2.py", line 1216, in <module>
    return self.execute(call, **exec_kwargs)
  File "/Users/kaimikkelsen/canada_compute/Music-Source-Separation-Training/separation_env/lib/python3.10/site-packages/git/cmd.py", line 1343, in execute
    return lambda *args, **kwargs: self._call_process(name, *args, **kwargs)
  File "/Users/kaimikkelsen/canada_compute/Music-Source-Separation-Training/separation_env/lib/python3.10/site-packages/git/cmd.py", line 1598, in _call_process
    stdout_value, stderr_value = communicate()
  File "/Library/Frameworks/Python.framework/Versions/3.10/lib/python3.10/subprocess.py", line 1149, in communicate
    stdout_value, stderr_value = communicate()
  File "/Library/Frameworks/Python.framework/Versions/3.10/lib/python3.10/subprocess.py", line 1149, in communicate
    return self.execute(call, **exec_kwargs)
  File "/Users/kaimikkelsen/canada_compute/Music-Source-Separation-Training/separation_env/lib/python3.10/site-packages/git/cmd.py", line 1343, in execute
    return self.execute(call, **exec_kwargs)
  File "/Users/kaimikkelsen/canada_compute/Music-Source-Separation-Training/separation_env/lib/python3.10/site-packages/git/cmd.py", line 1343, in execute
    from .artifacts.artifact import Artifact
  File "/Users/kaimikkelsen/canada_compute/Music-Source-Separation-Training/separation_env/lib/python3.10/site-packages/wandb/sdk/artifacts/artifact.py", line 37, in <module>
    stdout_value, stderr_value = communicate()
  File "/Library/Frameworks/Python.framework/Versions/3.10/lib/python3.10/subprocess.py", line 1149, in communicate
    stdout_value, stderr_value = communicate()
  File "/Library/Frameworks/Python.framework/Versions/3.10/lib/python3.10/subprocess.py", line 1149, in communicate
    stdout, stderr = self._communicate(input, endtime, timeout)
  File "/Library/Frameworks/Python.framework/Versions/3.10/lib/python3.10/subprocess.py", line 2000, in _communicate
    stdout, stderr = self._communicate(input, endtime, timeout)
  File "/Library/Frameworks/Python.framework/Versions/3.10/lib/python3.10/subprocess.py", line 2000, in _communicate
    stdout, stderr = self._communicate(input, endtime, timeout)
  File "/Library/Frameworks/Python.framework/Versions/3.10/lib/python3.10/subprocess.py", line 2000, in _communicate
    stdout, stderr = self._communicate(input, endtime, timeout)
  File "/Library/Frameworks/Python.framework/Versions/3.10/lib/python3.10/subprocess.py", line 2000, in _communicate
    from wandb.apis.normalize import normalize_exceptions
  File "/Users/kaimikkelsen/canada_compute/Music-Source-Separation-Training/separation_env/lib/python3.10/site-packages/wandb/apis/__init__.py", line 43, in <module>
    stdout, stderr = self._communicate(input, endtime, timeout)
  File "/Library/Frameworks/Python.framework/Versions/3.10/lib/python3.10/subprocess.py", line 2000, in _communicate
    from .internal import Api as InternalApi  # noqa
  File "/Users/kaimikkelsen/canada_compute/Music-Source-Separation-Training/separation_env/lib/python3.10/site-packages/wandb/apis/internal.py", line 3, in <module>
    from wandb.sdk.internal.internal_api import Api as InternalApi
  File "/Users/kaimikkelsen/canada_compute/Music-Source-Separation-Training/separation_env/lib/python3.10/site-packages/wandb/sdk/internal/internal_api.py", line 56, in <module>
    from ..lib.gitlib import GitRepo
  File "/Users/kaimikkelsen/canada_compute/Music-Source-Separation-Training/separation_env/lib/python3.10/site-packages/wandb/sdk/lib/gitlib.py", line 10, in <module>
    from git import (  # type: ignore
  File "/Users/kaimikkelsen/canada_compute/Music-Source-Separation-Training/separation_env/lib/python3.10/site-packages/git/__init__.py", line 296, in <module>
    ready = selector.select(timeout)
  File "/Library/Frameworks/Python.framework/Versions/3.10/lib/python3.10/selectors.py", line 416, in select
    for obj in iterable:
  File "/Users/kaimikkelsen/canada_compute/Music-Source-Separation-Training/separation_env/lib/python3.10/site-packages/torch/utils/data/dataloader.py", line 701, in __next__
    ready = selector.select(timeout)
    refresh()
  File "/Library/Frameworks/Python.framework/Versions/3.10/lib/python3.10/selectors.py", line 416, in select
  File "/Users/kaimikkelsen/canada_compute/Music-Source-Separation-Training/separation_env/lib/python3.10/site-packages/git/__init__.py", line 287, in refresh
    fd_event_list = self._selector.poll(timeout)
KeyboardInterrupt
    ready = selector.select(timeout)
  File "/Library/Frameworks/Python.framework/Versions/3.10/lib/python3.10/selectors.py", line 416, in select
    if not Git.refresh(path=path):
  File "/Users/kaimikkelsen/canada_compute/Music-Source-Separation-Training/separation_env/lib/python3.10/site-packages/git/cmd.py", line 559, in refresh
    cls().version()
  File "/Users/kaimikkelsen/canada_compute/Music-Source-Separation-Training/separation_env/lib/python3.10/site-packages/git/cmd.py", line 986, in <lambda>
    ready = selector.select(timeout)
  File "/Library/Frameworks/Python.framework/Versions/3.10/lib/python3.10/selectors.py", line 416, in select
    fd_event_list = self._selector.poll(timeout)
KeyboardInterrupt
    ready = selector.select(timeout)
  File "/Library/Frameworks/Python.framework/Versions/3.10/lib/python3.10/selectors.py", line 416, in select
    fd_event_list = self._selector.poll(timeout)
KeyboardInterrupt
    GpuAmdInfo = _reflection.GeneratedProtocolMessageType('GpuAmdInfo', (_message.Message,), {
  File "/Users/kaimikkelsen/canada_compute/Music-Source-Separation-Training/separation_env/lib/python3.10/site-packages/google/protobuf/internal/python_message.py", line 154, in __new__
    fd_event_list = self._selector.poll(timeout)
KeyboardInterrupt
    data = self._next_data()
  File "/Users/kaimikkelsen/canada_compute/Music-Source-Separation-Training/separation_env/lib/python3.10/site-packages/torch/utils/data/dataloader.py", line 1448, in _next_data
    return lambda *args, **kwargs: self._call_process(name, *args, **kwargs)
  File "/Users/kaimikkelsen/canada_compute/Music-Source-Separation-Training/separation_env/lib/python3.10/site-packages/git/cmd.py", line 1598, in _call_process
    fd_event_list = self._selector.poll(timeout)
KeyboardInterrupt
    return self.execute(call, **exec_kwargs)
  File "/Users/kaimikkelsen/canada_compute/Music-Source-Separation-Training/separation_env/lib/python3.10/site-packages/git/cmd.py", line 1343, in execute
    new_class = superclass.__new__(cls, name, bases, dictionary)
    stdout_value, stderr_value = communicate()
KeyboardInterrupt
  File "/Library/Frameworks/Python.framework/Versions/3.10/lib/python3.10/subprocess.py", line 1149, in communicate
    stdout, stderr = self._communicate(input, endtime, timeout)
  File "/Library/Frameworks/Python.framework/Versions/3.10/lib/python3.10/subprocess.py", line 2000, in _communicate
    ready = selector.select(timeout)
  File "/Library/Frameworks/Python.framework/Versions/3.10/lib/python3.10/selectors.py", line 416, in select
    fd_event_list = self._selector.poll(timeout)
KeyboardInterrupt
    idx, data = self._get_data()
  File "/Users/kaimikkelsen/canada_compute/Music-Source-Separation-Training/separation_env/lib/python3.10/site-packages/torch/utils/data/dataloader.py", line 1412, in _get_data
    success, data = self._try_get_data()
  File "/Users/kaimikkelsen/canada_compute/Music-Source-Separation-Training/separation_env/lib/python3.10/site-packages/torch/utils/data/dataloader.py", line 1243, in _try_get_data
    data = self._data_queue.get(timeout=timeout)
  File "/Library/Frameworks/Python.framework/Versions/3.10/lib/python3.10/multiprocessing/queues.py", line 113, in get
    if not self._poll(timeout):
  File "/Library/Frameworks/Python.framework/Versions/3.10/lib/python3.10/multiprocessing/connection.py", line 262, in poll
    return self._poll(timeout)
  File "/Library/Frameworks/Python.framework/Versions/3.10/lib/python3.10/multiprocessing/connection.py", line 429, in _poll
    r = wait([self], timeout)
  File "/Library/Frameworks/Python.framework/Versions/3.10/lib/python3.10/multiprocessing/connection.py", line 936, in wait
    ready = selector.select(timeout)
  File "/Library/Frameworks/Python.framework/Versions/3.10/lib/python3.10/selectors.py", line 416, in select
    fd_event_list = self._selector.poll(timeout)
KeyboardInterrupt
Exception ignored in atexit callback: <function _exit_function at 0x120304310>
Traceback (most recent call last):
  File "/Library/Frameworks/Python.framework/Versions/3.10/lib/python3.10/multiprocessing/util.py", line 357, in _exit_function
    p.join()
  File "/Library/Frameworks/Python.framework/Versions/3.10/lib/python3.10/multiprocessing/process.py", line 149, in join
    res = self._popen.wait(timeout)
  File "/Library/Frameworks/Python.framework/Versions/3.10/lib/python3.10/multiprocessing/popen_fork.py", line 43, in wait
    return self.poll(os.WNOHANG if timeout == 0.0 else 0)
  File "/Library/Frameworks/Python.framework/Versions/3.10/lib/python3.10/multiprocessing/popen_fork.py", line 27, in poll
    pid, sts = os.waitpid(self.pid, flag)
  File "/Users/kaimikkelsen/canada_compute/Music-Source-Separation-Training/separation_env/lib/python3.10/site-packages/torch/utils/data/_utils/signal_handling.py", line 73, in handler
    _error_if_any_worker_fails()
RuntimeError: DataLoader worker (pid 23603) is killed by signal: Terminated: 15. 
